<?xml version="1.0" encoding="UTF-8"?>
<!-- Generated by org.testng.reporters.JUnitReportReporter -->
<testsuite skipped="0" hostname="My-MacBook-Pro.local" name="tests.LoginTest" tests="2" failures="0" timestamp="27 Jan 2021 15:33:26 GMT" time="56.307" errors="0">
  <testcase name="loginPage" time="12.226" classname="tests.LoginTest"/>
  <testcase name="loginWithParameters" time="44.081" classname="tests.LoginTest"/>
</testsuite> <!-- tests.LoginTest -->
