<?xml version="1.0" encoding="UTF-8"?>
<!-- Generated by org.testng.reporters.JUnitReportReporter -->
<testsuite skipped="0" hostname="My-MacBook-Pro.local" name="tests.SmokeTest" tests="2" failures="0" timestamp="27 Jan 2021 15:33:26 GMT" time="17.123" errors="0">
  <testcase name="createAccount" time="7.592" classname="tests.SmokeTest"/>
  <testcase name="createAccount" time="9.531" classname="tests.SmokeTest"/>
</testsuite> <!-- tests.SmokeTest -->
